#
# A fatal error has been detected by the Java Runtime Environment:
#
#  EXCEPTION_ACCESS_VIOLATION (0xc0000005) at pc=0x77c2f5f3, pid=34260, tid=460
#
# JRE version: OpenJDK Runtime Environment (8.0_43-b03) (build 1.8.0_43-b03)
# Java VM: OpenJDK Client VM (25.40-b25 mixed mode windows-x86 )
# Problematic frame:
# C  [ntdll.dll+0x5f5f3]
#
# Failed to write core dump. Minidumps are not enabled by default on client versions of Windows
#
# If you would like to submit a bug report, please visit:
#   http://bugreport.java.com/bugreport/crash.jsp
# The crash happened outside the Java Virtual Machine in native code.
# See problematic frame for where to report the bug.
#

---------------  T H R E A D  ---------------

Current thread (0x1517f000):  JavaThread "AWT-EventQueue-0" [_thread_in_native, id=460, stack(0x1e510000,0x1e560000)]

siginfo: ExceptionCode=0xc0000005, writing address 0x00000014

Registers:
EAX=0x00000000, EBX=0xfffffffa, ECX=0xffffffff, EDX=0xfffffffa
ESP=0x1e55e380, EBP=0x1e55e410, ESI=0x0076de74, EDI=0x0076de64
EIP=0x77c2f5f3, EFLAGS=0x00010213

Top of Stack: (sp=0x1e55e380)
0x1e55e380:   0076de64 0076de68 fffffffa 1e55e3f4
0x1e55e390:   0055e3c4 519c2f33 ffffffff 00000000
0x1e55e3a0:   150aff68 fffffffa 00000000 00000000
0x1e55e3b0:   1e55e3a0 1e55e988 51c4ff30 95081e5b
0x1e55e3c0:   fffffffe 1e55e3d4 519c2fa4 0076de64
0x1e55e3d0:   1e55e91c 003c2000 51a87cc5 1517f000
0x1e55e3e0:   00000006 00000004 1524adb0 1517f130
0x1e55e3f0:   00000000 51c713dc 0236f320 1517f000 

Instructions: (pc=0x77c2f5f3)
0x77c2f5d3:   77 10 0f 84 d7 01 00 00 8b 07 83 f8 ff 0f 84 f3
0x77c2f5e3:   01 00 00 c7 44 24 2c 00 00 00 00 83 f8 ff 74 03
0x77c2f5f3:   ff 40 14 8b 1e 89 5c 24 50 8d 64 24 00 e8 7b 46
0x77c2f603:   fe ff 85 c0 0f 85 9f 0a 04 00 b8 82 03 fe 7f 80 


Register to memory mapping:

EAX=0x00000000 is an unknown value
EBX=0xfffffffa is an unknown value
ECX=0xffffffff is an unknown value
EDX=0xfffffffa is an unknown value
ESP=0x1e55e380 is pointing into the stack for thread: 0x1517f000
EBP=0x1e55e410 is pointing into the stack for thread: 0x1517f000
ESI=0x0076de74 is an unknown value
EDI=0x0076de64 is an unknown value


Stack: [0x1e510000,0x1e560000],  sp=0x1e55e380,  free space=312k
Native frames: (J=compiled Java code, j=interpreted, Vv=VM code, C=native code)
C  [ntdll.dll+0x5f5f3]
C  [ntdll.dll+0x4011a]
C  [ntdll.dll+0x3ff69]
C  0x5992aa3d
C  0x599557e2
C  [awt.dll+0x18c08]

Java frames: (J=compiled Java code, j=interpreted, Vv=VM code)
j  sun.java2d.d3d.D3DSurfaceData.initOps(III)V+0
j  sun.java2d.d3d.D3DSurfaceData.<init>(Lsun/awt/windows/WComponentPeer;Lsun/java2d/d3d/D3DGraphicsConfig;IILjava/awt/Image;Ljava/awt/image/ColorModel;IILsun/java2d/pipe/hw/ExtendedBufferCapabilities$VSyncType;I)V+76
j  sun.java2d.d3d.D3DSurfaceData.createData(Lsun/java2d/d3d/D3DGraphicsConfig;IILjava/awt/image/ColorModel;Ljava/awt/Image;I)Lsun/java2d/d3d/D3DSurfaceData;+70
j  sun.java2d.d3d.D3DVolatileSurfaceManager.initAcceleratedSurface()Lsun/java2d/SurfaceData;+133
j  sun.java2d.d3d.D3DVolatileSurfaceManager.restoreAcceleratedSurface()V+62
j  sun.awt.image.VolatileSurfaceManager.validate(Ljava/awt/GraphicsConfiguration;)I+94
j  sun.awt.image.SunVolatileImage.validate(Ljava/awt/GraphicsConfiguration;)I+5
j  javax.swing.RepaintManager$PaintManager.paint(Ljavax/swing/JComponent;Ljavax/swing/JComponent;Ljava/awt/Graphics;IIII)Z+66
j  javax.swing.RepaintManager.paint(Ljavax/swing/JComponent;Ljavax/swing/JComponent;Ljava/awt/Graphics;IIII)V+51
j  javax.swing.JComponent._paintImmediately(IIII)V+683
j  javax.swing.JComponent.paintImmediately(IIII)V+138
j  javax.swing.RepaintManager$4.run()Ljava/lang/Void;+81
j  javax.swing.RepaintManager$4.run()Ljava/lang/Object;+1
v  ~StubRoutines::call_stub
j  java.security.AccessController.doPrivileged(Ljava/security/PrivilegedAction;Ljava/security/AccessControlContext;)Ljava/lang/Object;+0
j  java.security.ProtectionDomain$1.doIntersectionPrivilege(Ljava/security/PrivilegedAction;Ljava/security/AccessControlContext;Ljava/security/AccessControlContext;)Ljava/lang/Object;+28
j  javax.swing.RepaintManager.paintDirtyRegions(Ljava/util/Map;)V+154
j  javax.swing.RepaintManager.paintDirtyRegions()V+46
j  javax.swing.RepaintManager.prePaintDirtyRegions()V+73
j  javax.swing.RepaintManager.access$1300(Ljavax/swing/RepaintManager;)V+1
j  javax.swing.RepaintManager$ProcessingRunnable.run()V+37
j  java.awt.event.InvocationEvent.dispatch()V+47
j  java.awt.EventQueue.dispatchEventImpl(Ljava/awt/AWTEvent;Ljava/lang/Object;)V+21
j  java.awt.EventQueue.access$500(Ljava/awt/EventQueue;Ljava/awt/AWTEvent;Ljava/lang/Object;)V+3
j  java.awt.EventQueue$3.run()Ljava/lang/Void;+32
j  java.awt.EventQueue$3.run()Ljava/lang/Object;+1
v  ~StubRoutines::call_stub
j  java.security.AccessController.doPrivileged(Ljava/security/PrivilegedAction;Ljava/security/AccessControlContext;)Ljava/lang/Object;+0
j  java.security.ProtectionDomain$1.doIntersectionPrivilege(Ljava/security/PrivilegedAction;Ljava/security/AccessControlContext;Ljava/security/AccessControlContext;)Ljava/lang/Object;+28
j  java.awt.EventQueue.dispatchEvent(Ljava/awt/AWTEvent;)V+46
j  java.awt.EventDispatchThread.pumpOneEventForFilters(I)V+245
j  java.awt.EventDispatchThread.pumpEventsForFilter(ILjava/awt/Conditional;Ljava/awt/EventFilter;)V+35
j  java.awt.EventDispatchThread.pumpEventsForHierarchy(ILjava/awt/Conditional;Ljava/awt/Component;)V+11
j  java.awt.EventDispatchThread.pumpEvents(ILjava/awt/Conditional;)V+4
j  java.awt.EventDispatchThread.pumpEvents(Ljava/awt/Conditional;)V+3
j  java.awt.EventDispatchThread.run()V+9
v  ~StubRoutines::call_stub

---------------  P R O C E S S  ---------------

Java Threads: ( => current thread )
  0x152b5400 JavaThread "Thread-1" daemon [_thread_in_native, id=31952, stack(0x1f040000,0x1f090000)]
  0x152b4800 JavaThread "SIGINT handler" daemon [_thread_blocked, id=33052, stack(0x1ef20000,0x1ef70000)]
  0x151ec000 JavaThread "Thread-4" [_thread_blocked, id=27016, stack(0x1e730000,0x1e780000)]
  0x151e3400 JavaThread "Thread-3" [_thread_in_native, id=32304, stack(0x1e6a0000,0x1e6f0000)]
=>0x1517f000 JavaThread "AWT-EventQueue-0" [_thread_in_native, id=460, stack(0x1e510000,0x1e560000)]
  0x1517ac00 JavaThread "TimerQueue" daemon [_thread_blocked, id=31320, stack(0x1e480000,0x1e4d0000)]
  0x150bfc00 JavaThread "AWT-Shutdown" [_thread_blocked, id=32576, stack(0x15860000,0x158b0000)]
  0x150bf400 JavaThread "Java2D Disposer" daemon [_thread_blocked, id=1660, stack(0x157d0000,0x15820000)]
  0x14aa7400 JavaThread "Service Thread" daemon [_thread_blocked, id=5084, stack(0x14f70000,0x14fc0000)]
  0x14a8e400 JavaThread "C1 CompilerThread0" daemon [_thread_blocked, id=32912, stack(0x14ea0000,0x14ef0000)]
  0x14a8d000 JavaThread "Attach Listener" daemon [_thread_blocked, id=26796, stack(0x14e10000,0x14e60000)]
  0x14a8c800 JavaThread "Signal Dispatcher" daemon [_thread_blocked, id=28572, stack(0x14d80000,0x14dd0000)]
  0x14a61400 JavaThread "Finalizer" daemon [_thread_blocked, id=34372, stack(0x14cf0000,0x14d40000)]
  0x14a60400 JavaThread "Reference Handler" daemon [_thread_blocked, id=23372, stack(0x14c60000,0x14cb0000)]
  0x0072c800 JavaThread "main" [_thread_blocked, id=33496, stack(0x021c0000,0x02210000)]

Other Threads:
  0x0244a400 VMThread [stack: 0x04540000,0x04590000] [id=28976]
  0x14aaac00 WatcherThread [stack: 0x15000000,0x15050000] [id=30808]

VM state:not at safepoint (normal execution)

VM Mutex/Monitor currently owned by a thread: None

Heap:
 def new generation   total 4928K, used 3030K [0x04600000, 0x04b50000, 0x09b50000)
  eden space 4416K,  57% used [0x04600000, 0x04875a60, 0x04a50000)
  from space 512K, 100% used [0x04ad0000, 0x04b50000, 0x04b50000)
  to   space 512K,   0% used [0x04a50000, 0x04a50000, 0x04ad0000)
 tenured generation   total 10944K, used 2317K [0x09b50000, 0x0a600000, 0x14600000)
   the space 10944K,  21% used [0x09b50000, 0x09d93408, 0x09d93600, 0x0a600000)
 Metaspace       used 9515K, capacity 9723K, committed 9728K, reserved 10624K

Card table byte_map: [0x04450000,0x044e0000] byte_map_base: 0x0442d000

Polling page: 0x00710000

CodeCache: size=32768Kb used=1082Kb max_used=1098Kb free=31685Kb
 bounds [0x02450000, 0x02568000, 0x04450000]
 total_blobs=561 nmethods=332 adapters=161
 compilation: enabled

Compilation events (10 events):
Event: 0.644 Thread 0x14a8e400  321             sun.java2d.pipe.BufferedRenderPipe$BufferedDrawHandler::drawScanline (82 bytes)
Event: 0.645 Thread 0x14a8e400 nmethod 321 0x0255e3c8 code [0x0255e4f0, 0x0255e6b8]
Event: 0.647 Thread 0x14a8e400  323             java.awt.Component::getTreeLock (4 bytes)
Event: 0.648 Thread 0x14a8e400 nmethod 323 0x0255ec88 code [0x0255ed80, 0x0255ee00]
Event: 0.648 Thread 0x14a8e400  324             java.util.concurrent.locks.AbstractQueuedSynchronizer::getState (5 bytes)
Event: 0.648 Thread 0x14a8e400 nmethod 324 0x0255ee48 code [0x0255ef40, 0x0255efc0]
Event: 0.649 Thread 0x14a8e400  325             sun.misc.FloatingDecimal$BinaryToASCIIBuffer::dtoa (1509 bytes)
Event: 0.652 Thread 0x14a8e400 nmethod 325 0x0255f008 code [0x0255f290, 0x02560618]
Event: 0.668 Thread 0x14a8e400  327             java.util.logging.LogManager$LoggerContext::getOwner (5 bytes)
Event: 0.668 Thread 0x14a8e400 nmethod 327 0x02562788 code [0x02562880, 0x02562900]

GC Heap History (6 events):
Event: 0.180 GC heap before
{Heap before GC invocations=0 (full 0):
 def new generation   total 4928K, used 4416K [0x04600000, 0x04b50000, 0x09b50000)
  eden space 4416K, 100% used [0x04600000, 0x04a50000, 0x04a50000)
  from space 512K,   0% used [0x04a50000, 0x04a50000, 0x04ad0000)
  to   space 512K,   0% used [0x04ad0000, 0x04ad0000, 0x04b50000)
 tenured generation   total 10944K, used 0K [0x09b50000, 0x0a600000, 0x14600000)
   the space 10944K,   0% used [0x09b50000, 0x09b50000, 0x09b50200, 0x0a600000)
 Metaspace       used 4192K, capacity 4240K, committed 4288K, reserved 4480K
Event: 0.182 GC heap after
Heap after GC invocations=1 (full 0):
 def new generation   total 4928K, used 512K [0x04600000, 0x04b50000, 0x09b50000)
  eden space 4416K,   0% used [0x04600000, 0x04600000, 0x04a50000)
  from space 512K, 100% used [0x04ad0000, 0x04b50000, 0x04b50000)
  to   space 512K,   0% used [0x04a50000, 0x04a50000, 0x04ad0000)
 tenured generation   total 10944K, used 625K [0x09b50000, 0x0a600000, 0x14600000)
   the space 10944K,   5% used [0x09b50000, 0x09bec740, 0x09bec800, 0x0a600000)
 Metaspace       used 4192K, capacity 4240K, committed 4288K, reserved 4480K
}
Event: 0.464 GC heap before
{Heap before GC invocations=1 (full 0):
 def new generation   total 4928K, used 4928K [0x04600000, 0x04b50000, 0x09b50000)
  eden space 4416K, 100% used [0x04600000, 0x04a50000, 0x04a50000)
  from space 512K, 100% used [0x04ad0000, 0x04b50000, 0x04b50000)
  to   space 512K,   0% used [0x04a50000, 0x04a50000, 0x04ad0000)
 tenured generation   total 10944K, used 625K [0x09b50000, 0x0a600000, 0x14600000)
   the space 10944K,   5% used [0x09b50000, 0x09bec740, 0x09bec800, 0x0a600000)
 Metaspace       used 7106K, capacity 7271K, committed 7296K, reserved 7552K
Event: 0.467 GC heap after
Heap after GC invocations=2 (full 0):
 def new generation   total 4928K, used 512K [0x04600000, 0x04b50000, 0x09b50000)
  eden space 4416K,   0% used [0x04600000, 0x04600000, 0x04a50000)
  from space 512K, 100% used [0x04a50000, 0x04ad0000, 0x04ad0000)
  to   space 512K,   0% used [0x04ad0000, 0x04ad0000, 0x04b50000)
 tenured generation   total 10944K, used 1447K [0x09b50000, 0x0a600000, 0x14600000)
   the space 10944K,  13% used [0x09b50000, 0x09cb9ef0, 0x09cba000, 0x0a600000)
 Metaspace       used 7106K, capacity 7271K, committed 7296K, reserved 7552K
}
Event: 0.671 GC heap before
{Heap before GC invocations=2 (full 0):
 def new generation   total 4928K, used 3743K [0x04600000, 0x04b50000, 0x09b50000)
  eden space 4416K,  73% used [0x04600000, 0x04927f90, 0x04a50000)
  from space 512K, 100% used [0x04a50000, 0x04ad0000, 0x04ad0000)
  to   space 512K,   0% used [0x04ad0000, 0x04ad0000, 0x04b50000)
 tenured generation   total 10944K, used 1447K [0x09b50000, 0x0a600000, 0x14600000)
   the space 10944K,  13% used [0x09b50000, 0x09cb9ef0, 0x09cba000, 0x0a600000)
 Metaspace       used 9514K, capacity 9723K, committed 9728K, reserved 10624K
Event: 0.682 GC heap after
Heap after GC invocations=3 (full 0):
 def new generation   total 4928K, used 512K [0x04600000, 0x04b50000, 0x09b50000)
  eden space 4416K,   0% used [0x04600000, 0x04600000, 0x04a50000)
  from space 512K, 100% used [0x04ad0000, 0x04b50000, 0x04b50000)
  to   space 512K,   0% used [0x04a50000, 0x04a50000, 0x04ad0000)
 tenured generation   total 10944K, used 2317K [0x09b50000, 0x0a600000, 0x14600000)
   the space 10944K,  21% used [0x09b50000, 0x09d93408, 0x09d93600, 0x0a600000)
 Metaspace       used 9514K, capacity 9723K, committed 9728K, reserved 10624K
}

Deoptimization events (0 events):
No events

Internal exceptions (10 events):
Event: 0.170 Thread 0x0072c800 Exception <a 'java/lang/ArrayIndexOutOfBoundsException'> (0x049efdd0) thrown at [C:\ade\jenkins\workspace\8-2-build-owindows-i586-cygwin\jdk8u43\3435\hotspot\src\share\vm\runtime\sharedRuntime.cpp, line 605]
Event: 0.241 Thread 0x0072c800 Exception <a 'java/io/FileNotFoundException'> (0x04821598) thrown at [C:\ade\jenkins\workspace\8-2-build-owindows-i586-cygwin\jdk8u43\3435\hotspot\src\share\vm\prims\jni.cpp, line 709]
Event: 0.241 Thread 0x0072c800 Exception <a 'java/io/FileNotFoundException'> (0x04821ea8) thrown at [C:\ade\jenkins\workspace\8-2-build-owindows-i586-cygwin\jdk8u43\3435\hotspot\src\share\vm\prims\jni.cpp, line 709]
Event: 0.252 Thread 0x0072c800 Exception <a 'java/lang/ClassNotFoundException': sun/dc/DuctusRenderingEngine> (0x0483ea00) thrown at [C:\ade\jenkins\workspace\8-2-build-owindows-i586-cygwin\jdk8u43\3435\hotspot\src\share\vm\classfile\systemDictionary.cpp, line 210]
Event: 0.274 Thread 0x0072c800 Exception <a 'java/lang/NoSuchFieldError': method resolution failed> (0x04904cf0) thrown at [C:\ade\jenkins\workspace\8-2-build-owindows-i586-cygwin\jdk8u43\3435\hotspot\src\share\vm\prims\methodHandles.cpp, line 1125]
Event: 0.275 Thread 0x0072c800 Exception <a 'java/lang/NoSuchFieldError': method resolution failed> (0x049124e8) thrown at [C:\ade\jenkins\workspace\8-2-build-owindows-i586-cygwin\jdk8u43\3435\hotspot\src\share\vm\prims\methodHandles.cpp, line 1125]
Event: 0.298 Thread 0x0072c800 Exception <a 'java/io/FileNotFoundException'> (0x049e0778) thrown at [C:\ade\jenkins\workspace\8-2-build-owindows-i586-cygwin\jdk8u43\3435\hotspot\src\share\vm\prims\jni.cpp, line 709]
Event: 0.508 Thread 0x0072c800 Exception <a 'java/lang/NoSuchMethodError': <clinit>> (0x047e5ee8) thrown at [C:\ade\jenkins\workspace\8-2-build-owindows-i586-cygwin\jdk8u43\3435\hotspot\src\share\vm\prims\jni.cpp, line 1598]
Event: 0.513 Thread 0x0072c800 Exception <a 'java/lang/NoSuchMethodError': <clinit>> (0x04821880) thrown at [C:\ade\jenkins\workspace\8-2-build-owindows-i586-cygwin\jdk8u43\3435\hotspot\src\share\vm\prims\jni.cpp, line 1598]
Event: 0.521 Thread 0x151e3400 Exception <a 'java/lang/NoSuchMethodError': java.lang.Object.lambda$maxBy$24(Ljava/util/Comparator;Ljava/lang/Object;Ljava/lang/Object;)Ljava/lang/Object;> (0x0486be18) thrown at [C:\ade\jenkins\workspace\8-2-build-owindows-i586-cygwin\jdk8u43\3435\hotspotö"¿È]º≈?

Events (10 events):
Event: 0.667 Thread 0x152b8000 Thread added: 0x152b8000
Event: 0.667 loading class java/text/AttributedCharacterIterator done
Event: 0.668 loading class java/text/AttributedString$AttributedStringIterator done
Event: 0.669 Thread 0x152b5000 Thread exited: 0x152b5000
Event: 0.669 Thread 0x152b8000 Thread exited: 0x152b8000
Event: 0.669 Thread 0x151f9c00 Thread exited: 0x151f9c00
Event: 0.669 loading class sun/java2d/pipe/hw/AccelDeviceEventNotifier
Event: 0.670 loading class sun/java2d/pipe/hw/AccelDeviceEventNotifier done
Event: 0.671 Executing VM operation: GenCollectForAllocation
Event: 0.682 Executing VM operation: GenCollectForAllocation done


Dynamic libraries:
0x00180000 - 0x001b1000 	C:\Program Files\Java\java-se-8u43-ri\bin\java.exe
0x77bd0000 - 0x77d74000 	C:\WINDOWS\SYSTEM32\ntdll.dll
0x76200000 - 0x762f0000 	C:\WINDOWS\System32\KERNEL32.DLL
0x77130000 - 0x7736a000 	C:\WINDOWS\System32\KERNELBASE.dll
0x73b70000 - 0x73c0f000 	C:\WINDOWS\SYSTEM32\apphelp.dll
0x693c0000 - 0x69645000 	C:\WINDOWS\SYSTEM32\AcLayers.DLL
0x75e60000 - 0x75f1f000 	C:\WINDOWS\System32\msvcrt.dll
0x75c00000 - 0x75d9c000 	C:\WINDOWS\System32\USER32.dll
0x76db0000 - 0x76dc8000 	C:\WINDOWS\System32\win32u.dll
0x77470000 - 0x77493000 	C:\WINDOWS\System32\GDI32.dll
0x77ad0000 - 0x77bb5000 	C:\WINDOWS\System32\gdi32full.dll
0x76e70000 - 0x76eeb000 	C:\WINDOWS\System32\msvcp_win.dll
0x76b20000 - 0x76c40000 	C:\WINDOWS\System32\ucrtbase.dll
0x764c0000 - 0x76a98000 	C:\WINDOWS\System32\SHELL32.dll
0x774a0000 - 0x774e5000 	C:\WINDOWS\System32\SHLWAPI.dll
0x77a30000 - 0x77ac6000 	C:\WINDOWS\System32\OLEAUT32.dll
0x75f20000 - 0x761a0000 	C:\WINDOWS\System32\combase.dll
0x75da0000 - 0x75e5e000 	C:\WINDOWS\System32\RPCRT4.dll
0x775c0000 - 0x779f8000 	C:\WINDOWS\System32\SETUPAPI.dll
0x75ae0000 - 0x75b1b000 	C:\WINDOWS\System32\cfgmgr32.dll
0x76ef0000 - 0x76f09000 	C:\WINDOWS\System32\bcrypt.dll
0x6f080000 - 0x6f099000 	C:\WINDOWS\SYSTEM32\MPR.dll
0x001d0000 - 0x001d3000 	C:\WINDOWS\SYSTEM32\sfc.dll
0x692c0000 - 0x6933d000 	C:\WINDOWS\SYSTEM32\WINSPOOL.DRV
0x77040000 - 0x770c7000 	C:\WINDOWS\System32\shcore.dll
0x70ed0000 - 0x70ee0000 	C:\WINDOWS\SYSTEM32\sfc_os.DLL
0x7bbe0000 - 0x7be33000 	C:\WINDOWS\SYSTEM32\AcGenral.DLL
0x76f10000 - 0x76f88000 	C:\WINDOWS\System32\sechost.dll
0x76c40000 - 0x76d23000 	C:\WINDOWS\System32\ole32.dll
0x76aa0000 - 0x76b1d000 	C:\WINDOWS\System32\ADVAPI32.dll
0x74d40000 - 0x74db4000 	C:\WINDOWS\SYSTEM32\UxTheme.dll
0x74ce0000 - 0x74d08000 	C:\WINDOWS\SYSTEM32\WINMM.dll
0x598c0000 - 0x598d5000 	C:\WINDOWS\SYSTEM32\samcli.dll
0x7be40000 - 0x7be59000 	C:\WINDOWS\SYSTEM32\MSACM32.dll
0x757d0000 - 0x757d8000 	C:\WINDOWS\SYSTEM32\VERSION.dll
0x753d0000 - 0x753f5000 	C:\WINDOWS\SYSTEM32\USERENV.dll
0x662f0000 - 0x66316000 	C:\WINDOWS\SYSTEM32\dwmapi.dll
0x6e9e0000 - 0x6eb89000 	C:\WINDOWS\SYSTEM32\urlmon.dll
0x74c20000 - 0x74c41000 	C:\WINDOWS\SYSTEM32\SspiCli.dll
0x7be60000 - 0x7be7d000 	C:\WINDOWS\SYSTEM32\winmmbase.dll
0x6f260000 - 0x6f496000 	C:\WINDOWS\SYSTEM32\iertutil.dll
0x6e9b0000 - 0x6e9cd000 	C:\WINDOWS\SYSTEM32\srvcli.dll
0x6e9a0000 - 0x6e9ab000 	C:\WINDOWS\SYSTEM32\netutils.dll
0x76de0000 - 0x76e06000 	C:\WINDOWS\System32\IMM32.DLL
0x74eb0000 - 0x750c0000 	C:\WINDOWS\WinSxS\x86_microsoft.windows.common-controls_6595b64144ccf1df_6.0.19041.3636_none_a863d714867441db\COMCTL32.dll
0x51d50000 - 0x51e0f000 	C:\Program Files\Java\java-se-8u43-ri\jre\bin\msvcr100.dll
0x519c0000 - 0x51d43000 	C:\Program Files\Java\java-se-8u43-ri\jre\bin\client\jvm.dll
0x76e10000 - 0x76e16000 	C:\WINDOWS\System32\PSAPI.DLL
0x52080000 - 0x52088000 	C:\WINDOWS\SYSTEM32\WSOCK32.dll
0x774f0000 - 0x77553000 	C:\WINDOWS\System32\WS2_32.dll
0x6f100000 - 0x6f10c000 	C:\Program Files\Java\java-se-8u43-ri\jre\bin\verify.dll
0x6f050000 - 0x6f071000 	C:\Program Files\Java\java-se-8u43-ri\jre\bin\java.dll
0x6f0e0000 - 0x6f0f3000 	C:\Program Files\Java\java-se-8u43-ri\jre\bin\zip.dll
0x73e00000 - 0x74415000 	C:\WINDOWS\SYSTEM32\windows.storage.dll
0x73d10000 - 0x73d35000 	C:\WINDOWS\SYSTEM32\Wldp.dll
0x73c90000 - 0x73cac000 	C:\WINDOWS\SYSTEM32\profapi.dll
0x51870000 - 0x519b4000 	C:\Program Files\Java\java-se-8u43-ri\jre\bin\awt.dll
0x75b20000 - 0x75bf3000 	C:\WINDOWS\System32\MSCTF.dll
0x74c10000 - 0x74c1f000 	C:\WINDOWS\SYSTEM32\kernel.appcore.dll
0x770d0000 - 0x7712f000 	C:\WINDOWS\System32\bcryptPrimitives.dll
0x17420000 - 0x1748a000 	C:\Program Files\Java\java-se-8u43-ri\jre\bin\freetype.dll
0x51830000 - 0x5186b000 	C:\Program Files\Java\java-se-8u43-ri\jre\bin\fontmanager.dll
0x74440000 - 0x7444e000 	C:\WINDOWS\SYSTEM32\msasn1.dll
0x70e20000 - 0x70e46000 	C:\WINDOWS\SYSTEM32\cryptnet.dll
0x77370000 - 0x7746f000 	C:\WINDOWS\System32\CRYPT32.dll
0x68120000 - 0x68220000 	C:\WINDOWS\SYSTEM32\drvstore.dll
0x6e6c0000 - 0x6e6e9000 	C:\WINDOWS\SYSTEM32\devobj.dll
0x72670000 - 0x7267a000 	C:\WINDOWS\SYSTEM32\cryptbase.dll
0x76e20000 - 0x76e6c000 	C:\WINDOWS\System32\wintrust.dll
0x77a00000 - 0x77a19000 	C:\WINDOWS\System32\imagehlp.dll
0x726b0000 - 0x726c3000 	C:\WINDOWS\SYSTEM32\CRYPTSP.dll
0x72680000 - 0x726af000 	C:\WINDOWS\system32\rsaenh.dll
0x631b0000 - 0x64d28000 	C:\WINDOWS\System32\DriverStore\FileRepository\nvaci.inf_amd64_1a12c3ddeafb8463\nvgpucomp32.dll
0x55f50000 - 0x5603d000 	C:\WINDOWS\System32\DriverStore\FileRepository\iigd_dch.inf_amd64_a446f8448ecf881c\igdgmm32.dll
0x526d0000 - 0x55f41000 	C:\WINDOWS\System32\DriverStore\FileRepository\iigd_dch.inf_amd64_a446f8448ecf881c\igd9dxva32.dll
0x5fe20000 - 0x6004a000 	C:\WINDOWS\system32\nvspcap.dll
0x74d10000 - 0x74d39000 	C:\WINDOWS\SYSTEM32\ntmarta.dll
0x70ef0000 - 0x70f0e000 	C:\WINDOWS\SYSTEM32\gpapi.dll
0x66170000 - 0x6619c000 	C:\WINDOWS\SYSTEM32\dxcore.dll
0x51810000 - 0x51825000 	C:\Program Files\Java\java-se-8u43-ri\jre\bin\net.dll
0x750c0000 - 0x75112000 	C:\WINDOWS\system32\mswsock.dll
0x51800000 - 0x5180f000 	C:\Program Files\Java\java-se-8u43-ri\jre\bin\nio.dll
0x58490000 - 0x58601000 	C:\WINDOWS\SYSTEM32\WindowsCodecs.dll
0x67d00000 - 0x67db9000 	C:\WINDOWS\SYSTEM32\textinputframework.dll
0x67a80000 - 0x67cff000 	C:\WINDOWS\System32\CoreUIComponents.dll
0x68040000 - 0x680db000 	C:\WINDOWS\System32\CoreMessaging.dll
0x6aee0000 - 0x6afbc000 	C:\WINDOWS\SYSTEM32\wintypes.dll
0x751d0000 - 0x75358000 	C:\WINDOWS\SYSTEM32\dbghelp.dll

VM Arguments:
java_command: edu.cwru.sepia.Main2 data/labs/rl/maze/Maze.xml
java_class_path (initial): ./lib/argparse4j-0.9.0.jar;./lib/battleship.jar;./lib/infexf.jar;./lib/open-loop.jar;./lib/pitfall.jar;./lib/rl-viter-maze.jar;./lib/Sepia.jar;./lib/stealth.jar;./lib/zombayes.jar;.
Launcher Type: SUN_STANDARD

Environment Variables:
JAVA_HOME=C:\Program Files\Java\java-se-8u43-ri
PATH=C:\Users\cheng\anaconda3\condabin;C:\Program Files\Java\java-se-8u43-ri\bin;C:\Program Files\Common Files\Oracle\Java\javapath;C:\Program Files (x86)\Common Files\Oracle\Java\javapath;C:\Program Files (x86)\Razer Chroma SDK\bin;C:\Program Files\Razer Chroma SDK\bin;C:\Program Files (x86)\Razer\ChromaBroadcast\bin;C:\Program Files\Razer\ChromaBroadcast\bin;C:\Windows\system32;C:\Windows;C:\Windows\System32\Wbem;C:\Windows\System32\WindowsPowerShell\v1.0\;C:\Windows\System32\OpenSSH\;C:\Program Files (x86)\NVIDIA Corporation\PhysX\Common;C:\WINDOWS\system32;C:\WINDOWS;C:\WINDOWS\System32\Wbem;C:\WINDOWS\System32\WindowsPowerShell\v1.0\;C:\WINDOWS\System32\OpenSSH\;C:\Users\cheng\AppData\Local\Microsoft\WindowsApps;C:\Program Files (x86)\dotnet\;C:\WINDOWS\system32;C:\WINDOWS;C:\WINDOWS\System32\Wbem;C:\WINDOWS\System32\WindowsPowerShell\v1.0\;C:\WINDOWS\System32\OpenSSH\;C:\Program Files\nodejs\;C:\Program Files\MATLAB\R2021b\bin;C:\Program Files\Microsoft SQL Server\140\Tools\Binn\;C:\Program Files\Docker\Docker\resources\bin;C:\ProgramData\DockerDesktop\version-bin;C:\Program Files\Git\cmd;C:\Program Files\PuTTY\;C:\Program Files\Go\bin;C:\Program Files\dotnet\;;C:\Program Files\NVIDIA Corporation\NVIDIA NvDLISR;C:\Users\cheng\AppData\Local\Programs\Microsoft VS Code\bin;C:\Users\cheng\AppData\Roaming\npm;C:\Users\cheng\AppData\Local\Programs\MiKTeX\miktex\bin\x64\;C:\Users\cheng\.dotnet\tools;C:\Users\cheng\go\bin;C:\Users\cheng\anaconda3;C:\Users\cheng\anaconda3\Scripts;C:\Users\cheng\anaconda3\evns\GRAPHICS;C:\Users\cheng\anaconda3\Scripts\conda
USERNAME=cheng
OS=Windows_NT
PROCESSOR_IDENTIFIER=Intel64 Family 6 Model 158 Stepping 10, GenuineIntel



---------------  S Y S T E M  ---------------

OS: Windows 10.0 , 64 bit Build 19041 (10.0.19041.3636)

CPU:total 12 (6 cores per cpu, 2 threads per core) family 6 model 158 stepping 10, cmov, cx8, fxsr, mmx, sse, sse2, sse3, ssse3, sse4.1, sse4.2, popcnt, avx, avx2, aes, clmul, erms, 3dnowpref, lzcnt, ht, tsc, tscinvbit, bmi1, bmi2, adx

Memory: 4k page, physical 16620788k(6024628k free), swap 30252276k(10092696k free)

vm_info: OpenJDK Client VM (25.40-b25) for windows-x86 JRE (1.8.0_43-b03), built on Apr 11 2023 02:30:58 by "java_re" with MS VC++ 10.0 (VS2010)

time: Thu Apr 11 18:59:59 2024
elapsed time: 0 seconds (0d 0h 0m 0s)

